<?xml version="1.0" encoding="UTF-8"?>
<!-- Generated by org.testng.reporters.JUnitReportReporter -->
<testsuite hostname="CIN10089L" name="com.vg.testng.ParameterizedTestXML" tests="1" failures="0" timestamp="25 Apr 2019 05:59:58 GMT" time="0.007" errors="0">
  <testcase name="parameterTest" time="0.007" classname="com.vg.testng.ParameterizedTestXML"/>
</testsuite> <!-- com.vg.testng.ParameterizedTestXML -->
