<?xml version="1.0" encoding="UTF-8"?>
<!-- Generated by org.testng.reporters.JUnitReportReporter -->
<testsuite hostname="CIN10089L" name="com.vg.testng.GroupTest" tests="1" failures="0" timestamp="25 Apr 2019 05:30:20 GMT" time="0.009" errors="0">
  <testcase name="testSalutationMessage" time="0.009" classname="com.vg.testng.GroupTest"/>
</testsuite> <!-- com.vg.testng.GroupTest -->
