<?xml version="1.0" encoding="UTF-8"?>
<!-- Generated by org.testng.reporters.JUnitReportReporter -->
<testsuite hostname="CIN10089L" name="com.vg.testng.DependencyTestUsingGroup" tests="3" failures="0" timestamp="25 Apr 2019 05:50:27 GMT" time="0.013" errors="0">
  <testcase name="test3" time="0.002" classname="com.vg.testng.DependencyTestUsingGroup"/>
  <testcase name="test1" time="0.009" classname="com.vg.testng.DependencyTestUsingGroup"/>
  <testcase name="test2" time="0.002" classname="com.vg.testng.DependencyTestUsingGroup"/>
</testsuite> <!-- com.vg.testng.DependencyTestUsingGroup -->
