<?xml version="1.0" encoding="UTF-8"?>
<!-- Generated by org.testng.reporters.JUnitReportReporter -->
<testsuite hostname="CIN10089L" name="com.vg.testng.DependencyTestUsingAnnotation" tests="3" failures="0" timestamp="25 Apr 2019 05:47:39 GMT" time="0.015" errors="0">
  <testcase name="test3" time="0.001" classname="com.vg.testng.DependencyTestUsingAnnotation"/>
  <testcase name="test1" time="0.013" classname="com.vg.testng.DependencyTestUsingAnnotation"/>
  <testcase name="test2" time="0.001" classname="com.vg.testng.DependencyTestUsingAnnotation"/>
</testsuite> <!-- com.vg.testng.DependencyTestUsingAnnotation -->
