<?xml version="1.0" encoding="UTF-8"?>
<!-- Generated by org.testng.reporters.JUnitReportReporter -->
<testsuite hostname="CIN10089L" name="com.vg.testng.MessageUtilTest" tests="1" failures="0" timestamp="24 Apr 2019 09:24:02 GMT" time="0.010" errors="0">
  <testcase name="testSalutationMessage" time="0.010" classname="com.vg.testng.MessageUtilTest"/>
</testsuite> <!-- com.vg.testng.MessageUtilTest -->
