<?xml version="1.0" encoding="UTF-8"?>
<!-- Generated by org.testng.reporters.JUnitReportReporter -->
<testsuite hostname="CIN10089L" name="com.vg.testng.IgnoreTest" tests="1" failures="0" timestamp="25 Apr 2019 05:23:44 GMT" time="0.000" errors="0">
  <testcase name="testSalutationMessage" time="0.000" classname="com.vg.testng.IgnoreTest"/>
</testsuite> <!-- com.vg.testng.IgnoreTest -->
