<?xml version="1.0" encoding="UTF-8"?>
<!-- Generated by org.testng.reporters.JUnitReportReporter -->
<testsuite hostname="CIN10089L" name="com.vg.testng.GroupTest" tests="3" failures="0" timestamp="25 Apr 2019 05:23:44 GMT" time="0.008" errors="0">
  <testcase name="testPrintMessage" time="0.007" classname="com.vg.testng.GroupTest"/>
  <testcase name="testingExitMessage" time="0.000" classname="com.vg.testng.GroupTest"/>
  <testcase name="testSalutationMessage" time="0.001" classname="com.vg.testng.GroupTest"/>
</testsuite> <!-- com.vg.testng.GroupTest -->
